c:\users\pichi\desktop\studia\2stopien\p3\3dviewer\debug\vc141.pdb
c:\users\pichi\desktop\studia\2stopien\p3\3dviewer\debug\vc141.idb
c:\users\pichi\desktop\studia\2stopien\p3\3dviewer\debug\child.obj
c:\users\pichi\desktop\studia\2stopien\p3\3dviewer\debug\definicje.obj
c:\users\pichi\desktop\studia\2stopien\p3\3dviewer\debug\interakcja.obj
c:\users\pichi\desktop\studia\2stopien\p3\3dviewer\debug\konfiguracja.obj
c:\users\pichi\desktop\studia\2stopien\p3\3dviewer\debug\model3ds.obj
c:\users\pichi\desktop\studia\2stopien\p3\3dviewer\debug\szablon.obj
c:\users\pichi\desktop\studia\2stopien\p3\3dviewer\debug\texturebmp.obj
c:\users\pichi\desktop\studia\2stopien\p3\3dviewer\debug\texturetga.obj
c:\users\pichi\desktop\studia\2stopien\p3\3dviewer\debug\szablon.exe
c:\users\pichi\desktop\studia\2stopien\p3\3dviewer\debug\szablon.ilk
c:\users\pichi\desktop\studia\2stopien\p3\3dviewer\debug\szablon.pdb
c:\users\pichi\desktop\studia\2stopien\p3\3dviewer\.\debug\szablon.exe
c:\users\pichi\desktop\studia\2stopien\p3\3dviewer\debug\szablon.tlog\cl.command.1.tlog
c:\users\pichi\desktop\studia\2stopien\p3\3dviewer\debug\szablon.tlog\cl.read.1.tlog
c:\users\pichi\desktop\studia\2stopien\p3\3dviewer\debug\szablon.tlog\cl.write.1.tlog
c:\users\pichi\desktop\studia\2stopien\p3\3dviewer\debug\szablon.tlog\link.command.1.tlog
c:\users\pichi\desktop\studia\2stopien\p3\3dviewer\debug\szablon.tlog\link.read.1.tlog
c:\users\pichi\desktop\studia\2stopien\p3\3dviewer\debug\szablon.tlog\link.write.1.tlog
